<?xml version="1.0" encoding="UTF-8"?>
<testsuite xmlns:xsi="http://www.w3.org/2001/XMLSchema-instance" xsi:noNamespaceSchemaLocation="https://maven.apache.org/surefire/maven-surefire-plugin/xsd/surefire-test-report.xsd" version="3.0.2" name="jha.spring.springquicklystart.SpringQuicklyStartApplicationTests" time="3.062" tests="1" errors="1" skipped="0" failures="0">
  <properties>
    <property name="java.specification.version" value="17"/>
    <property name="sun.cpu.isalist" value="amd64"/>
    <property name="sun.jnu.encoding" value="GBK"/>
    <property name="java.class.path" value="D:\JAVA\JavaWeb\JavaBackground\SpringLearn\Spring-QuicklyStart\target\test-classes;D:\JAVA\JavaWeb\JavaBackground\SpringLearn\Spring-QuicklyStart\target\classes;D:\Maven\mvn_repo\org\springframework\boot\spring-boot-starter-web\3.4.1\spring-boot-starter-web-3.4.1.jar;D:\Maven\mvn_repo\org\springframework\boot\spring-boot-starter\3.4.1\spring-boot-starter-3.4.1.jar;D:\Maven\mvn_repo\org\springframework\boot\spring-boot\3.4.1\spring-boot-3.4.1.jar;D:\Maven\mvn_repo\org\springframework\boot\spring-boot-autoconfigure\3.4.1\spring-boot-autoconfigure-3.4.1.jar;D:\Maven\mvn_repo\org\springframework\boot\spring-boot-starter-logging\3.4.1\spring-boot-starter-logging-3.4.1.jar;D:\Maven\mvn_repo\ch\qos\logback\logback-classic\1.5.12\logback-classic-1.5.12.jar;D:\Maven\mvn_repo\ch\qos\logback\logback-core\1.5.12\logback-core-1.5.12.jar;D:\Maven\mvn_repo\org\apache\logging\log4j\log4j-to-slf4j\2.24.3\log4j-to-slf4j-2.24.3.jar;D:\Maven\mvn_repo\org\apache\logging\log4j\log4j-api\2.24.3\log4j-api-2.24.3.jar;D:\Maven\mvn_repo\org\slf4j\jul-to-slf4j\2.0.16\jul-to-slf4j-2.0.16.jar;D:\Maven\mvn_repo\jakarta\annotation\jakarta.annotation-api\2.1.1\jakarta.annotation-api-2.1.1.jar;D:\Maven\mvn_repo\org\yaml\snakeyaml\2.3\snakeyaml-2.3.jar;D:\Maven\mvn_repo\org\springframework\boot\spring-boot-starter-json\3.4.1\spring-boot-starter-json-3.4.1.jar;D:\Maven\mvn_repo\com\fasterxml\jackson\core\jackson-databind\2.18.2\jackson-databind-2.18.2.jar;D:\Maven\mvn_repo\com\fasterxml\jackson\core\jackson-annotations\2.18.2\jackson-annotations-2.18.2.jar;D:\Maven\mvn_repo\com\fasterxml\jackson\core\jackson-core\2.18.2\jackson-core-2.18.2.jar;D:\Maven\mvn_repo\com\fasterxml\jackson\datatype\jackson-datatype-jdk8\2.18.2\jackson-datatype-jdk8-2.18.2.jar;D:\Maven\mvn_repo\com\fasterxml\jackson\datatype\jackson-datatype-jsr310\2.18.2\jackson-datatype-jsr310-2.18.2.jar;D:\Maven\mvn_repo\com\fasterxml\jackson\module\jackson-module-parameter-names\2.18.2\jackson-module-parameter-names-2.18.2.jar;D:\Maven\mvn_repo\org\springframework\boot\spring-boot-starter-tomcat\3.4.1\spring-boot-starter-tomcat-3.4.1.jar;D:\Maven\mvn_repo\org\apache\tomcat\embed\tomcat-embed-core\10.1.34\tomcat-embed-core-10.1.34.jar;D:\Maven\mvn_repo\org\apache\tomcat\embed\tomcat-embed-el\10.1.34\tomcat-embed-el-10.1.34.jar;D:\Maven\mvn_repo\org\apache\tomcat\embed\tomcat-embed-websocket\10.1.34\tomcat-embed-websocket-10.1.34.jar;D:\Maven\mvn_repo\org\springframework\spring-web\6.2.1\spring-web-6.2.1.jar;D:\Maven\mvn_repo\org\springframework\spring-beans\6.2.1\spring-beans-6.2.1.jar;D:\Maven\mvn_repo\io\micrometer\micrometer-observation\1.14.2\micrometer-observation-1.14.2.jar;D:\Maven\mvn_repo\io\micrometer\micrometer-commons\1.14.2\micrometer-commons-1.14.2.jar;D:\Maven\mvn_repo\org\springframework\spring-webmvc\6.2.1\spring-webmvc-6.2.1.jar;D:\Maven\mvn_repo\org\springframework\spring-aop\6.2.1\spring-aop-6.2.1.jar;D:\Maven\mvn_repo\org\springframework\spring-context\6.2.1\spring-context-6.2.1.jar;D:\Maven\mvn_repo\org\springframework\spring-expression\6.2.1\spring-expression-6.2.1.jar;D:\Maven\mvn_repo\org\springframework\boot\spring-boot-starter-test\3.4.1\spring-boot-starter-test-3.4.1.jar;D:\Maven\mvn_repo\org\springframework\boot\spring-boot-test\3.4.1\spring-boot-test-3.4.1.jar;D:\Maven\mvn_repo\org\springframework\boot\spring-boot-test-autoconfigure\3.4.1\spring-boot-test-autoconfigure-3.4.1.jar;D:\Maven\mvn_repo\com\jayway\jsonpath\json-path\2.9.0\json-path-2.9.0.jar;D:\Maven\mvn_repo\org\slf4j\slf4j-api\2.0.16\slf4j-api-2.0.16.jar;D:\Maven\mvn_repo\jakarta\xml\bind\jakarta.xml.bind-api\4.0.2\jakarta.xml.bind-api-4.0.2.jar;D:\Maven\mvn_repo\jakarta\activation\jakarta.activation-api\2.1.3\jakarta.activation-api-2.1.3.jar;D:\Maven\mvn_repo\net\minidev\json-smart\2.5.1\json-smart-2.5.1.jar;D:\Maven\mvn_repo\net\minidev\accessors-smart\2.5.1\accessors-smart-2.5.1.jar;D:\Maven\mvn_repo\org\ow2\asm\asm\9.6\asm-9.6.jar;D:\Maven\mvn_repo\org\assertj\assertj-core\3.26.3\assertj-core-3.26.3.jar;D:\Maven\mvn_repo\net\bytebuddy\byte-buddy\1.15.11\byte-buddy-1.15.11.jar;D:\Maven\mvn_repo\org\awaitility\awaitility\4.2.2\awaitility-4.2.2.jar;D:\Maven\mvn_repo\org\hamcrest\hamcrest\2.2\hamcrest-2.2.jar;D:\Maven\mvn_repo\org\junit\jupiter\junit-jupiter\5.11.4\junit-jupiter-5.11.4.jar;D:\Maven\mvn_repo\org\junit\jupiter\junit-jupiter-api\5.11.4\junit-jupiter-api-5.11.4.jar;D:\Maven\mvn_repo\org\opentest4j\opentest4j\1.3.0\opentest4j-1.3.0.jar;D:\Maven\mvn_repo\org\junit\platform\junit-platform-commons\1.11.4\junit-platform-commons-1.11.4.jar;D:\Maven\mvn_repo\org\apiguardian\apiguardian-api\1.1.2\apiguardian-api-1.1.2.jar;D:\Maven\mvn_repo\org\junit\jupiter\junit-jupiter-params\5.11.4\junit-jupiter-params-5.11.4.jar;D:\Maven\mvn_repo\org\junit\jupiter\junit-jupiter-engine\5.11.4\junit-jupiter-engine-5.11.4.jar;D:\Maven\mvn_repo\org\junit\platform\junit-platform-engine\1.11.4\junit-platform-engine-1.11.4.jar;D:\Maven\mvn_repo\org\mockito\mockito-core\5.14.2\mockito-core-5.14.2.jar;D:\Maven\mvn_repo\net\bytebuddy\byte-buddy-agent\1.15.11\byte-buddy-agent-1.15.11.jar;D:\Maven\mvn_repo\org\objenesis\objenesis\3.3\objenesis-3.3.jar;D:\Maven\mvn_repo\org\mockito\mockito-junit-jupiter\5.14.2\mockito-junit-jupiter-5.14.2.jar;D:\Maven\mvn_repo\org\skyscreamer\jsonassert\1.5.3\jsonassert-1.5.3.jar;D:\Maven\mvn_repo\com\vaadin\external\google\android-json\0.0.20131108.vaadin1\android-json-0.0.20131108.vaadin1.jar;D:\Maven\mvn_repo\org\springframework\spring-core\6.2.1\spring-core-6.2.1.jar;D:\Maven\mvn_repo\org\springframework\spring-jcl\6.2.1\spring-jcl-6.2.1.jar;D:\Maven\mvn_repo\org\springframework\spring-test\6.2.1\spring-test-6.2.1.jar;D:\Maven\mvn_repo\org\xmlunit\xmlunit-core\2.10.0\xmlunit-core-2.10.0.jar;D:\Maven\mvn_repo\dom4j\dom4j\1.6.1\dom4j-1.6.1.jar;D:\Maven\mvn_repo\xml-apis\xml-apis\1.0.b2\xml-apis-1.0.b2.jar;D:\Maven\mvn_repo\org\mybatis\spring\boot\mybatis-spring-boot-starter\2.2.2\mybatis-spring-boot-starter-2.2.2.jar;D:\Maven\mvn_repo\org\springframework\boot\spring-boot-starter-jdbc\3.4.1\spring-boot-starter-jdbc-3.4.1.jar;D:\Maven\mvn_repo\com\zaxxer\HikariCP\5.1.0\HikariCP-5.1.0.jar;D:\Maven\mvn_repo\org\springframework\spring-jdbc\6.2.1\spring-jdbc-6.2.1.jar;D:\Maven\mvn_repo\org\mybatis\spring\boot\mybatis-spring-boot-autoconfigure\2.2.2\mybatis-spring-boot-autoconfigure-2.2.2.jar;D:\Maven\mvn_repo\org\mybatis\mybatis\3.5.9\mybatis-3.5.9.jar;D:\Maven\mvn_repo\org\mybatis\mybatis-spring\2.0.7\mybatis-spring-2.0.7.jar;D:\Maven\mvn_repo\com\oracle\database\jdbc\ojdbc11\23.3.0.23.09\ojdbc11-23.3.0.23.09.jar;D:\Maven\mvn_repo\org\mybatis\spring\boot\mybatis-spring-boot-starter-test\2.2.2\mybatis-spring-boot-starter-test-2.2.2.jar;D:\Maven\mvn_repo\org\mybatis\spring\boot\mybatis-spring-boot-test-autoconfigure\2.2.2\mybatis-spring-boot-test-autoconfigure-2.2.2.jar;D:\Maven\mvn_repo\org\springframework\spring-tx\6.2.1\spring-tx-6.2.1.jar;"/>
    <property name="java.vm.vendor" value="Oracle Corporation"/>
    <property name="sun.arch.data.model" value="64"/>
    <property name="user.variant" value=""/>
    <property name="java.vendor.url" value="https://java.oracle.com/"/>
    <property name="user.timezone" value="Asia/Shanghai"/>
    <property name="os.name" value="Windows 10"/>
    <property name="java.vm.specification.version" value="17"/>
    <property name="APPLICATION_NAME" value="Spring-QuicklyStart"/>
    <property name="sun.java.launcher" value="SUN_STANDARD"/>
    <property name="user.country" value="CN"/>
    <property name="sun.boot.library.path" value="D:\Tools\JDK\bin"/>
    <property name="sun.java.command" value="C:\Users\Fiorentino\AppData\Local\Temp\surefire11373602858714901637\surefirebooter-20250110093742584_3.jar C:\Users\Fiorentino\AppData\Local\Temp\surefire11373602858714901637 2025-01-10T09-37-42_424-jvmRun1 surefire-20250110093742584_1tmp surefire_0-20250110093742584_2tmp"/>
    <property name="jdk.debug" value="release"/>
    <property name="surefire.test.class.path" value="D:\JAVA\JavaWeb\JavaBackground\SpringLearn\Spring-QuicklyStart\target\test-classes;D:\JAVA\JavaWeb\JavaBackground\SpringLearn\Spring-QuicklyStart\target\classes;D:\Maven\mvn_repo\org\springframework\boot\spring-boot-starter-web\3.4.1\spring-boot-starter-web-3.4.1.jar;D:\Maven\mvn_repo\org\springframework\boot\spring-boot-starter\3.4.1\spring-boot-starter-3.4.1.jar;D:\Maven\mvn_repo\org\springframework\boot\spring-boot\3.4.1\spring-boot-3.4.1.jar;D:\Maven\mvn_repo\org\springframework\boot\spring-boot-autoconfigure\3.4.1\spring-boot-autoconfigure-3.4.1.jar;D:\Maven\mvn_repo\org\springframework\boot\spring-boot-starter-logging\3.4.1\spring-boot-starter-logging-3.4.1.jar;D:\Maven\mvn_repo\ch\qos\logback\logback-classic\1.5.12\logback-classic-1.5.12.jar;D:\Maven\mvn_repo\ch\qos\logback\logback-core\1.5.12\logback-core-1.5.12.jar;D:\Maven\mvn_repo\org\apache\logging\log4j\log4j-to-slf4j\2.24.3\log4j-to-slf4j-2.24.3.jar;D:\Maven\mvn_repo\org\apache\logging\log4j\log4j-api\2.24.3\log4j-api-2.24.3.jar;D:\Maven\mvn_repo\org\slf4j\jul-to-slf4j\2.0.16\jul-to-slf4j-2.0.16.jar;D:\Maven\mvn_repo\jakarta\annotation\jakarta.annotation-api\2.1.1\jakarta.annotation-api-2.1.1.jar;D:\Maven\mvn_repo\org\yaml\snakeyaml\2.3\snakeyaml-2.3.jar;D:\Maven\mvn_repo\org\springframework\boot\spring-boot-starter-json\3.4.1\spring-boot-starter-json-3.4.1.jar;D:\Maven\mvn_repo\com\fasterxml\jackson\core\jackson-databind\2.18.2\jackson-databind-2.18.2.jar;D:\Maven\mvn_repo\com\fasterxml\jackson\core\jackson-annotations\2.18.2\jackson-annotations-2.18.2.jar;D:\Maven\mvn_repo\com\fasterxml\jackson\core\jackson-core\2.18.2\jackson-core-2.18.2.jar;D:\Maven\mvn_repo\com\fasterxml\jackson\datatype\jackson-datatype-jdk8\2.18.2\jackson-datatype-jdk8-2.18.2.jar;D:\Maven\mvn_repo\com\fasterxml\jackson\datatype\jackson-datatype-jsr310\2.18.2\jackson-datatype-jsr310-2.18.2.jar;D:\Maven\mvn_repo\com\fasterxml\jackson\module\jackson-module-parameter-names\2.18.2\jackson-module-parameter-names-2.18.2.jar;D:\Maven\mvn_repo\org\springframework\boot\spring-boot-starter-tomcat\3.4.1\spring-boot-starter-tomcat-3.4.1.jar;D:\Maven\mvn_repo\org\apache\tomcat\embed\tomcat-embed-core\10.1.34\tomcat-embed-core-10.1.34.jar;D:\Maven\mvn_repo\org\apache\tomcat\embed\tomcat-embed-el\10.1.34\tomcat-embed-el-10.1.34.jar;D:\Maven\mvn_repo\org\apache\tomcat\embed\tomcat-embed-websocket\10.1.34\tomcat-embed-websocket-10.1.34.jar;D:\Maven\mvn_repo\org\springframework\spring-web\6.2.1\spring-web-6.2.1.jar;D:\Maven\mvn_repo\org\springframework\spring-beans\6.2.1\spring-beans-6.2.1.jar;D:\Maven\mvn_repo\io\micrometer\micrometer-observation\1.14.2\micrometer-observation-1.14.2.jar;D:\Maven\mvn_repo\io\micrometer\micrometer-commons\1.14.2\micrometer-commons-1.14.2.jar;D:\Maven\mvn_repo\org\springframework\spring-webmvc\6.2.1\spring-webmvc-6.2.1.jar;D:\Maven\mvn_repo\org\springframework\spring-aop\6.2.1\spring-aop-6.2.1.jar;D:\Maven\mvn_repo\org\springframework\spring-context\6.2.1\spring-context-6.2.1.jar;D:\Maven\mvn_repo\org\springframework\spring-expression\6.2.1\spring-expression-6.2.1.jar;D:\Maven\mvn_repo\org\springframework\boot\spring-boot-starter-test\3.4.1\spring-boot-starter-test-3.4.1.jar;D:\Maven\mvn_repo\org\springframework\boot\spring-boot-test\3.4.1\spring-boot-test-3.4.1.jar;D:\Maven\mvn_repo\org\springframework\boot\spring-boot-test-autoconfigure\3.4.1\spring-boot-test-autoconfigure-3.4.1.jar;D:\Maven\mvn_repo\com\jayway\jsonpath\json-path\2.9.0\json-path-2.9.0.jar;D:\Maven\mvn_repo\org\slf4j\slf4j-api\2.0.16\slf4j-api-2.0.16.jar;D:\Maven\mvn_repo\jakarta\xml\bind\jakarta.xml.bind-api\4.0.2\jakarta.xml.bind-api-4.0.2.jar;D:\Maven\mvn_repo\jakarta\activation\jakarta.activation-api\2.1.3\jakarta.activation-api-2.1.3.jar;D:\Maven\mvn_repo\net\minidev\json-smart\2.5.1\json-smart-2.5.1.jar;D:\Maven\mvn_repo\net\minidev\accessors-smart\2.5.1\accessors-smart-2.5.1.jar;D:\Maven\mvn_repo\org\ow2\asm\asm\9.6\asm-9.6.jar;D:\Maven\mvn_repo\org\assertj\assertj-core\3.26.3\assertj-core-3.26.3.jar;D:\Maven\mvn_repo\net\bytebuddy\byte-buddy\1.15.11\byte-buddy-1.15.11.jar;D:\Maven\mvn_repo\org\awaitility\awaitility\4.2.2\awaitility-4.2.2.jar;D:\Maven\mvn_repo\org\hamcrest\hamcrest\2.2\hamcrest-2.2.jar;D:\Maven\mvn_repo\org\junit\jupiter\junit-jupiter\5.11.4\junit-jupiter-5.11.4.jar;D:\Maven\mvn_repo\org\junit\jupiter\junit-jupiter-api\5.11.4\junit-jupiter-api-5.11.4.jar;D:\Maven\mvn_repo\org\opentest4j\opentest4j\1.3.0\opentest4j-1.3.0.jar;D:\Maven\mvn_repo\org\junit\platform\junit-platform-commons\1.11.4\junit-platform-commons-1.11.4.jar;D:\Maven\mvn_repo\org\apiguardian\apiguardian-api\1.1.2\apiguardian-api-1.1.2.jar;D:\Maven\mvn_repo\org\junit\jupiter\junit-jupiter-params\5.11.4\junit-jupiter-params-5.11.4.jar;D:\Maven\mvn_repo\org\junit\jupiter\junit-jupiter-engine\5.11.4\junit-jupiter-engine-5.11.4.jar;D:\Maven\mvn_repo\org\junit\platform\junit-platform-engine\1.11.4\junit-platform-engine-1.11.4.jar;D:\Maven\mvn_repo\org\mockito\mockito-core\5.14.2\mockito-core-5.14.2.jar;D:\Maven\mvn_repo\net\bytebuddy\byte-buddy-agent\1.15.11\byte-buddy-agent-1.15.11.jar;D:\Maven\mvn_repo\org\objenesis\objenesis\3.3\objenesis-3.3.jar;D:\Maven\mvn_repo\org\mockito\mockito-junit-jupiter\5.14.2\mockito-junit-jupiter-5.14.2.jar;D:\Maven\mvn_repo\org\skyscreamer\jsonassert\1.5.3\jsonassert-1.5.3.jar;D:\Maven\mvn_repo\com\vaadin\external\google\android-json\0.0.20131108.vaadin1\android-json-0.0.20131108.vaadin1.jar;D:\Maven\mvn_repo\org\springframework\spring-core\6.2.1\spring-core-6.2.1.jar;D:\Maven\mvn_repo\org\springframework\spring-jcl\6.2.1\spring-jcl-6.2.1.jar;D:\Maven\mvn_repo\org\springframework\spring-test\6.2.1\spring-test-6.2.1.jar;D:\Maven\mvn_repo\org\xmlunit\xmlunit-core\2.10.0\xmlunit-core-2.10.0.jar;D:\Maven\mvn_repo\dom4j\dom4j\1.6.1\dom4j-1.6.1.jar;D:\Maven\mvn_repo\xml-apis\xml-apis\1.0.b2\xml-apis-1.0.b2.jar;D:\Maven\mvn_repo\org\mybatis\spring\boot\mybatis-spring-boot-starter\2.2.2\mybatis-spring-boot-starter-2.2.2.jar;D:\Maven\mvn_repo\org\springframework\boot\spring-boot-starter-jdbc\3.4.1\spring-boot-starter-jdbc-3.4.1.jar;D:\Maven\mvn_repo\com\zaxxer\HikariCP\5.1.0\HikariCP-5.1.0.jar;D:\Maven\mvn_repo\org\springframework\spring-jdbc\6.2.1\spring-jdbc-6.2.1.jar;D:\Maven\mvn_repo\org\mybatis\spring\boot\mybatis-spring-boot-autoconfigure\2.2.2\mybatis-spring-boot-autoconfigure-2.2.2.jar;D:\Maven\mvn_repo\org\mybatis\mybatis\3.5.9\mybatis-3.5.9.jar;D:\Maven\mvn_repo\org\mybatis\mybatis-spring\2.0.7\mybatis-spring-2.0.7.jar;D:\Maven\mvn_repo\com\oracle\database\jdbc\ojdbc11\23.3.0.23.09\ojdbc11-23.3.0.23.09.jar;D:\Maven\mvn_repo\org\mybatis\spring\boot\mybatis-spring-boot-starter-test\2.2.2\mybatis-spring-boot-starter-test-2.2.2.jar;D:\Maven\mvn_repo\org\mybatis\spring\boot\mybatis-spring-boot-test-autoconfigure\2.2.2\mybatis-spring-boot-test-autoconfigure-2.2.2.jar;D:\Maven\mvn_repo\org\springframework\spring-tx\6.2.1\spring-tx-6.2.1.jar;"/>
    <property name="sun.cpu.endian" value="little"/>
    <property name="user.home" value="C:\Users\Fiorentino"/>
    <property name="user.language" value="zh"/>
    <property name="java.specification.vendor" value="Oracle Corporation"/>
    <property name="java.version.date" value="2024-01-16"/>
    <property name="java.home" value="D:\Tools\JDK"/>
    <property name="file.separator" value="\"/>
    <property name="basedir" value="D:\JAVA\JavaWeb\JavaBackground\SpringLearn\Spring-QuicklyStart"/>
    <property name="java.vm.compressedOopsMode" value="Zero based"/>
    <property name="line.separator" value="&#10;"/>
    <property name="java.vm.specification.vendor" value="Oracle Corporation"/>
    <property name="java.specification.name" value="Java Platform API Specification"/>
    <property name="FILE_LOG_CHARSET" value="GBK"/>
    <property name="java.awt.headless" value="true"/>
    <property name="surefire.real.class.path" value="C:\Users\Fiorentino\AppData\Local\Temp\surefire11373602858714901637\surefirebooter-20250110093742584_3.jar"/>
    <property name="user.script" value=""/>
    <property name="sun.management.compiler" value="HotSpot 64-Bit Tiered Compilers"/>
    <property name="java.runtime.version" value="17.0.10+11-LTS-240"/>
    <property name="user.name" value="Fiorentino"/>
    <property name="path.separator" value=";"/>
    <property name="os.version" value="10.0"/>
    <property name="java.runtime.name" value="Java(TM) SE Runtime Environment"/>
    <property name="file.encoding" value="GBK"/>
    <property name="java.vm.name" value="Java HotSpot(TM) 64-Bit Server VM"/>
    <property name="localRepository" value="D:\Maven\mvn_repo"/>
    <property name="java.vendor.url.bug" value="https://bugreport.java.com/bugreport/"/>
    <property name="java.io.tmpdir" value="C:\Users\FIOREN~1\AppData\Local\Temp\"/>
    <property name="idea.version" value="2022.3.2"/>
    <property name="java.version" value="17.0.10"/>
    <property name="user.dir" value="D:\JAVA\JavaWeb\JavaBackground\SpringLearn\Spring-QuicklyStart"/>
    <property name="os.arch" value="amd64"/>
    <property name="java.vm.specification.name" value="Java Virtual Machine Specification"/>
    <property name="PID" value="11204"/>
    <property name="sun.os.patch.level" value=""/>
    <property name="CONSOLE_LOG_CHARSET" value="GBK"/>
    <property name="native.encoding" value="GBK"/>
    <property name="java.library.path" value="D:\Tools\JDK\bin;C:\Windows\Sun\Java\bin;C:\Windows\system32;C:\Windows;D:\Orcale\bin;D:\VM\bin\;C:\Python27\;C:\Python27\Scripts;C:\Python311\Scripts\;C:\Python311\;C:\Program Files (x86)\Common Files\NetSarang;C:\Windows\system32;C:\Windows;C:\Windows\System32\Wbem;C:\Windows\System32\WindowsPowerShell\v1.0\;C:\Windows\System32\OpenSSH\;C:\Program Files\NVIDIA Corporation\NVIDIA NvDLISR;D:\apache-jmeter-5.4.1\lib\ext\ApacheJMeter_core.jar;D:\apache-jmeter-5.4.1\lib\jorphan.jar;C:\Program Files\Microsoft SQL Server\130\Tools\Binn\;C:\Program Files\Microsoft SQL Server\120\Tools\Binn\;C:\Users\Fiorentino\.dnx\bin;C:\Program Files\Microsoft DNX\Dnvm\;C:\Program Files\Microsoft SQL Server\150\Tools\Binn\;D:\GitClone\vcpkg;D:\Qt\Qt5.6.3\5.6.3\mingw49_32\bin;D:\Qt\Qt5.6.3\5.6.3\mingw49_32\lib;C:\Program Files\dotnet\;C:\Program Files\Microsoft SQL Server\Client SDK\ODBC\170\Tools\Binn\;D:\mysql-8.0.31-winx64\bin;C:\Program Files (x86)\NVIDIA Corporation\PhysX\Common;C:\ProgramData\chocolatey\bin;D:\Maven\apache-maven-3.8.8\bin;D:\Tools\nvm;D:\Tools\nvm\nodejs;D:\Tools\xshell\;C:\Program Files\Azure Data Studio\bin;C:\Program Files (x86)\Microsoft SQL Server\160\Tools\Binn\;C:\Program Files\Microsoft SQL Server\160\Tools\Binn\;C:\Program Files\Microsoft SQL Server\160\DTS\Binn\;D:\Tools\Git\cmd;D:\Tools\JDK\bin;D:\Tools\sqlite;D:\Tools\xftp\;D:\Tomcat\apache-tomcat-10.1.34\bin;C:\Users\Fiorentino\AppData\Local\Microsoft\WindowsApps;C:\Program Files\JetBrains\PyCharm 2021.1.1\bin;;D:\Tools\Idea\IntelliJ IDEA 2022.3.2\bin;;C:\Program Files\JetBrains\DataGrip 2021.1\bin;;C:\Program Files\JetBrains\CLion 2021.3.3\bin;;C:\Users\Fiorentino\.dotnet\tools;D:\Tools\Mysql\mysql\bin;D:\Tools\Microsoft VS Code\bin;D:\Tools\nvm;D:\Tools\nvm\nodejs;C:\Program Files\Azure Data Studio\bin;D:\wechattools\微信web开发者工具\dll;D:\Maven\apache-maven-3.8.8\bin;;."/>
    <property name="java.vm.info" value="mixed mode, sharing"/>
    <property name="java.vendor" value="Oracle Corporation"/>
    <property name="java.vm.version" value="17.0.10+11-LTS-240"/>
    <property name="sun.io.unicode.encoding" value="UnicodeLittle"/>
    <property name="maven.repo.local" value="D:\Maven\mvn_repo"/>
    <property name="java.class.version" value="61.0"/>
    <property name="LOGGED_APPLICATION_NAME" value="[Spring-QuicklyStart] "/>
  </properties>
  <testcase name="testListUser" classname="jha.spring.springquicklystart.SpringQuicklyStartApplicationTests" time="0.011">
    <error message="Error creating bean with name &apos;jha.spring.springquicklystart.SpringQuicklyStartApplicationTests&apos;: Unsatisfied dependency expressed through field &apos;emp&apos;: No qualifying bean of type &apos;jha.spring.springquicklystart.dao.empMapper&apos; available: expected at least 1 bean which qualifies as autowire candidate. Dependency annotations: {@org.springframework.beans.factory.annotation.Autowired(required=true)}" type="org.springframework.beans.factory.UnsatisfiedDependencyException"><![CDATA[org.springframework.beans.factory.UnsatisfiedDependencyException: Error creating bean with name 'jha.spring.springquicklystart.SpringQuicklyStartApplicationTests': Unsatisfied dependency expressed through field 'emp': No qualifying bean of type 'jha.spring.springquicklystart.dao.empMapper' available: expected at least 1 bean which qualifies as autowire candidate. Dependency annotations: {@org.springframework.beans.factory.annotation.Autowired(required=true)}
	at org.springframework.beans.factory.annotation.AutowiredAnnotationBeanPostProcessor$AutowiredFieldElement.resolveFieldValue(AutowiredAnnotationBeanPostProcessor.java:788)
	at org.springframework.beans.factory.annotation.AutowiredAnnotationBeanPostProcessor$AutowiredFieldElement.inject(AutowiredAnnotationBeanPostProcessor.java:768)
	at org.springframework.beans.factory.annotation.InjectionMetadata.inject(InjectionMetadata.java:146)
	at org.springframework.beans.factory.annotation.AutowiredAnnotationBeanPostProcessor.postProcessProperties(AutowiredAnnotationBeanPostProcessor.java:509)
	at org.springframework.beans.factory.support.AbstractAutowireCapableBeanFactory.populateBean(AbstractAutowireCapableBeanFactory.java:1441)
	at org.springframework.beans.factory.support.AbstractAutowireCapableBeanFactory.autowireBeanProperties(AbstractAutowireCapableBeanFactory.java:399)
	at org.springframework.test.context.support.DependencyInjectionTestExecutionListener.injectDependencies(DependencyInjectionTestExecutionListener.java:143)
	at org.springframework.test.context.support.DependencyInjectionTestExecutionListener.prepareTestInstance(DependencyInjectionTestExecutionListener.java:98)
	at org.springframework.test.context.TestContextManager.prepareTestInstance(TestContextManager.java:260)
	at org.springframework.test.context.junit.jupiter.SpringExtension.postProcessTestInstance(SpringExtension.java:160)
	at java.base/java.util.stream.ForEachOps$ForEachOp$OfRef.accept(ForEachOps.java:183)
	at java.base/java.util.stream.ReferencePipeline$3$1.accept(ReferencePipeline.java:197)
	at java.base/java.util.stream.ReferencePipeline$2$1.accept(ReferencePipeline.java:179)
	at java.base/java.util.stream.ReferencePipeline$3$1.accept(ReferencePipeline.java:197)
	at java.base/java.util.ArrayList$ArrayListSpliterator.forEachRemaining(ArrayList.java:1625)
	at java.base/java.util.stream.AbstractPipeline.copyInto(AbstractPipeline.java:509)
	at java.base/java.util.stream.AbstractPipeline.wrapAndCopyInto(AbstractPipeline.java:499)
	at java.base/java.util.stream.ForEachOps$ForEachOp.evaluateSequential(ForEachOps.java:150)
	at java.base/java.util.stream.ForEachOps$ForEachOp$OfRef.evaluateSequential(ForEachOps.java:173)
	at java.base/java.util.stream.AbstractPipeline.evaluate(AbstractPipeline.java:234)
	at java.base/java.util.stream.ReferencePipeline.forEach(ReferencePipeline.java:596)
	at java.base/java.util.Optional.orElseGet(Optional.java:364)
	at java.base/java.util.ArrayList.forEach(ArrayList.java:1511)
	at java.base/java.util.ArrayList.forEach(ArrayList.java:1511)
Caused by: org.springframework.beans.factory.NoSuchBeanDefinitionException: No qualifying bean of type 'jha.spring.springquicklystart.dao.empMapper' available: expected at least 1 bean which qualifies as autowire candidate. Dependency annotations: {@org.springframework.beans.factory.annotation.Autowired(required=true)}
	at org.springframework.beans.factory.support.DefaultListableBeanFactory.raiseNoMatchingBeanFound(DefaultListableBeanFactory.java:2144)
	at org.springframework.beans.factory.support.DefaultListableBeanFactory.doResolveDependency(DefaultListableBeanFactory.java:1594)
	at org.springframework.beans.factory.support.DefaultListableBeanFactory.resolveDependency(DefaultListableBeanFactory.java:1519)
	at org.springframework.beans.factory.annotation.AutowiredAnnotationBeanPostProcessor$AutowiredFieldElement.resolveFieldValue(AutowiredAnnotationBeanPostProcessor.java:785)
	... 23 more
]]></error>
    <system-out><![CDATA[09:37:43.448 [main] INFO org.springframework.test.context.support.AnnotationConfigContextLoaderUtils -- Could not detect default configuration classes for test class [jha.spring.springquicklystart.SpringQuicklyStartApplicationTests]: SpringQuicklyStartApplicationTests does not declare any static, non-private, non-final, nested classes annotated with @Configuration.
09:37:43.554 [main] INFO org.springframework.boot.test.context.SpringBootTestContextBootstrapper -- Found @SpringBootConfiguration jha.spring.springquicklystart.SpringQuicklyStartApplication for test class jha.spring.springquicklystart.SpringQuicklyStartApplicationTests

  .   ____          _            __ _ _
 /\\ / ___'_ __ _ _(_)_ __  __ _ \ \ \ \
( ( )\___ | '_ | '_| | '_ \/ _` | \ \ \ \
 \\/  ___)| |_)| | | | | || (_| |  ) ) ) )
  '  |____| .__|_| |_|_| |_\__, | / / / /
 =========|_|==============|___/=/_/_/_/

 :: Spring Boot ::                (v3.4.1)

2025-01-10T09:37:44.089+08:00  INFO 11204 --- [Spring-QuicklyStart] [           main] j.s.s.SpringQuicklyStartApplicationTests : Starting SpringQuicklyStartApplicationTests using Java 17.0.10 with PID 11204 (started by Fiorentino in D:\JAVA\JavaWeb\JavaBackground\SpringLearn\Spring-QuicklyStart)
2025-01-10T09:37:44.091+08:00  INFO 11204 --- [Spring-QuicklyStart] [           main] j.s.s.SpringQuicklyStartApplicationTests : No active profile set, falling back to 1 default profile: "default"
2025-01-10T09:37:46.260+08:00  INFO 11204 --- [Spring-QuicklyStart] [           main] j.s.s.SpringQuicklyStartApplicationTests : Started SpringQuicklyStartApplicationTests in 2.473 seconds (process running for 3.543)
2025-01-10T09:37:46.279+08:00  WARN 11204 --- [Spring-QuicklyStart] [           main] o.s.test.context.TestContextManager      : Caught exception while allowing TestExecutionListener [org.springframework.test.context.support.DependencyInjectionTestExecutionListener] to prepare test instance [jha.spring.springquicklystart.SpringQuicklyStartApplicationTests@570ba13]

org.springframework.beans.factory.UnsatisfiedDependencyException: Error creating bean with name 'jha.spring.springquicklystart.SpringQuicklyStartApplicationTests': Unsatisfied dependency expressed through field 'emp': No qualifying bean of type 'jha.spring.springquicklystart.dao.empMapper' available: expected at least 1 bean which qualifies as autowire candidate. Dependency annotations: {@org.springframework.beans.factory.annotation.Autowired(required=true)}
	at org.springframework.beans.factory.annotation.AutowiredAnnotationBeanPostProcessor$AutowiredFieldElement.resolveFieldValue(AutowiredAnnotationBeanPostProcessor.java:788) ~[spring-beans-6.2.1.jar:6.2.1]
	at org.springframework.beans.factory.annotation.AutowiredAnnotationBeanPostProcessor$AutowiredFieldElement.inject(AutowiredAnnotationBeanPostProcessor.java:768) ~[spring-beans-6.2.1.jar:6.2.1]
	at org.springframework.beans.factory.annotation.InjectionMetadata.inject(InjectionMetadata.java:146) ~[spring-beans-6.2.1.jar:6.2.1]
	at org.springframework.beans.factory.annotation.AutowiredAnnotationBeanPostProcessor.postProcessProperties(AutowiredAnnotationBeanPostProcessor.java:509) ~[spring-beans-6.2.1.jar:6.2.1]
	at org.springframework.beans.factory.support.AbstractAutowireCapableBeanFactory.populateBean(AbstractAutowireCapableBeanFactory.java:1441) ~[spring-beans-6.2.1.jar:6.2.1]
	at org.springframework.beans.factory.support.AbstractAutowireCapableBeanFactory.autowireBeanProperties(AbstractAutowireCapableBeanFactory.java:399) ~[spring-beans-6.2.1.jar:6.2.1]
	at org.springframework.test.context.support.DependencyInjectionTestExecutionListener.injectDependencies(DependencyInjectionTestExecutionListener.java:143) ~[spring-test-6.2.1.jar:6.2.1]
	at org.springframework.test.context.support.DependencyInjectionTestExecutionListener.prepareTestInstance(DependencyInjectionTestExecutionListener.java:98) ~[spring-test-6.2.1.jar:6.2.1]
	at org.springframework.test.context.TestContextManager.prepareTestInstance(TestContextManager.java:260) ~[spring-test-6.2.1.jar:6.2.1]
	at org.springframework.test.context.junit.jupiter.SpringExtension.postProcessTestInstance(SpringExtension.java:160) ~[spring-test-6.2.1.jar:6.2.1]
	at org.junit.jupiter.engine.descriptor.ClassBasedTestDescriptor.lambda$invokeTestInstancePostProcessors$11(ClassBasedTestDescriptor.java:378) ~[junit-jupiter-engine-5.11.4.jar:5.11.4]
	at org.junit.jupiter.engine.descriptor.ClassBasedTestDescriptor.executeAndMaskThrowable(ClassBasedTestDescriptor.java:383) ~[junit-jupiter-engine-5.11.4.jar:5.11.4]
	at org.junit.jupiter.engine.descriptor.ClassBasedTestDescriptor.lambda$invokeTestInstancePostProcessors$12(ClassBasedTestDescriptor.java:378) ~[junit-jupiter-engine-5.11.4.jar:5.11.4]
	at java.base/java.util.stream.ForEachOps$ForEachOp$OfRef.accept(ForEachOps.java:183) ~[na:na]
	at java.base/java.util.stream.ReferencePipeline$3$1.accept(ReferencePipeline.java:197) ~[na:na]
	at java.base/java.util.stream.ReferencePipeline$2$1.accept(ReferencePipeline.java:179) ~[na:na]
	at java.base/java.util.stream.ReferencePipeline$3$1.accept(ReferencePipeline.java:197) ~[na:na]
	at java.base/java.util.ArrayList$ArrayListSpliterator.forEachRemaining(ArrayList.java:1625) ~[na:na]
	at java.base/java.util.stream.AbstractPipeline.copyInto(AbstractPipeline.java:509) ~[na:na]
	at java.base/java.util.stream.AbstractPipeline.wrapAndCopyInto(AbstractPipeline.java:499) ~[na:na]
	at java.base/java.util.stream.ForEachOps$ForEachOp.evaluateSequential(ForEachOps.java:150) ~[na:na]
	at java.base/java.util.stream.ForEachOps$ForEachOp$OfRef.evaluateSequential(ForEachOps.java:173) ~[na:na]
	at java.base/java.util.stream.AbstractPipeline.evaluate(AbstractPipeline.java:234) ~[na:na]
	at java.base/java.util.stream.ReferencePipeline.forEach(ReferencePipeline.java:596) ~[na:na]
	at org.junit.jupiter.engine.descriptor.ClassBasedTestDescriptor.invokeTestInstancePostProcessors(ClassBasedTestDescriptor.java:377) ~[junit-jupiter-engine-5.11.4.jar:5.11.4]
	at org.junit.jupiter.engine.descriptor.ClassBasedTestDescriptor.lambda$instantiateAndPostProcessTestInstance$7(ClassBasedTestDescriptor.java:290) ~[junit-jupiter-engine-5.11.4.jar:5.11.4]
	at org.junit.platform.engine.support.hierarchical.ThrowableCollector.execute(ThrowableCollector.java:73) ~[junit-platform-engine-1.11.4.jar:1.11.4]
	at org.junit.jupiter.engine.descriptor.ClassBasedTestDescriptor.instantiateAndPostProcessTestInstance(ClassBasedTestDescriptor.java:289) ~[junit-jupiter-engine-5.11.4.jar:5.11.4]
	at org.junit.jupiter.engine.descriptor.ClassBasedTestDescriptor.lambda$testInstancesProvider$5(ClassBasedTestDescriptor.java:279) ~[junit-jupiter-engine-5.11.4.jar:5.11.4]
	at java.base/java.util.Optional.orElseGet(Optional.java:364) ~[na:na]
	at org.junit.jupiter.engine.descriptor.ClassBasedTestDescriptor.lambda$testInstancesProvider$6(ClassBasedTestDescriptor.java:278) ~[junit-jupiter-engine-5.11.4.jar:5.11.4]
	at org.junit.jupiter.engine.execution.TestInstancesProvider.getTestInstances(TestInstancesProvider.java:31) ~[junit-jupiter-engine-5.11.4.jar:5.11.4]
	at org.junit.jupiter.engine.descriptor.TestMethodTestDescriptor.lambda$prepare$1(TestMethodTestDescriptor.java:105) ~[junit-jupiter-engine-5.11.4.jar:5.11.4]
	at org.junit.platform.engine.support.hierarchical.ThrowableCollector.execute(ThrowableCollector.java:73) ~[junit-platform-engine-1.11.4.jar:1.11.4]
	at org.junit.jupiter.engine.descriptor.TestMethodTestDescriptor.prepare(TestMethodTestDescriptor.java:104) ~[junit-jupiter-engine-5.11.4.jar:5.11.4]
	at org.junit.jupiter.engine.descriptor.TestMethodTestDescriptor.prepare(TestMethodTestDescriptor.java:68) ~[junit-jupiter-engine-5.11.4.jar:5.11.4]
	at org.junit.platform.engine.support.hierarchical.NodeTestTask.lambda$prepare$2(NodeTestTask.java:128) ~[junit-platform-engine-1.11.4.jar:1.11.4]
	at org.junit.platform.engine.support.hierarchical.ThrowableCollector.execute(ThrowableCollector.java:73) ~[junit-platform-engine-1.11.4.jar:1.11.4]
	at org.junit.platform.engine.support.hierarchical.NodeTestTask.prepare(NodeTestTask.java:128) ~[junit-platform-engine-1.11.4.jar:1.11.4]
	at org.junit.platform.engine.support.hierarchical.NodeTestTask.execute(NodeTestTask.java:95) ~[junit-platform-engine-1.11.4.jar:1.11.4]
	at java.base/java.util.ArrayList.forEach(ArrayList.java:1511) ~[na:na]
	at org.junit.platform.engine.support.hierarchical.SameThreadHierarchicalTestExecutorService.invokeAll(SameThreadHierarchicalTestExecutorService.java:41) ~[junit-platform-engine-1.11.4.jar:1.11.4]
	at org.junit.platform.engine.support.hierarchical.NodeTestTask.lambda$executeRecursively$6(NodeTestTask.java:160) ~[junit-platform-engine-1.11.4.jar:1.11.4]
	at org.junit.platform.engine.support.hierarchical.ThrowableCollector.execute(ThrowableCollector.java:73) ~[junit-platform-engine-1.11.4.jar:1.11.4]
	at org.junit.platform.engine.support.hierarchical.NodeTestTask.lambda$executeRecursively$8(NodeTestTask.java:146) ~[junit-platform-engine-1.11.4.jar:1.11.4]
	at org.junit.platform.engine.support.hierarchical.Node.around(Node.java:137) ~[junit-platform-engine-1.11.4.jar:1.11.4]
	at org.junit.platform.engine.support.hierarchical.NodeTestTask.lambda$executeRecursively$9(NodeTestTask.java:144) ~[junit-platform-engine-1.11.4.jar:1.11.4]
	at org.junit.platform.engine.support.hierarchical.ThrowableCollector.execute(ThrowableCollector.java:73) ~[junit-platform-engine-1.11.4.jar:1.11.4]
	at org.junit.platform.engine.support.hierarchical.NodeTestTask.executeRecursively(NodeTestTask.java:143) ~[junit-platform-engine-1.11.4.jar:1.11.4]
	at org.junit.platform.engine.support.hierarchical.NodeTestTask.execute(NodeTestTask.java:100) ~[junit-platform-engine-1.11.4.jar:1.11.4]
	at java.base/java.util.ArrayList.forEach(ArrayList.java:1511) ~[na:na]
	at org.junit.platform.engine.support.hierarchical.SameThreadHierarchicalTestExecutorService.invokeAll(SameThreadHierarchicalTestExecutorService.java:41) ~[junit-platform-engine-1.11.4.jar:1.11.4]
	at org.junit.platform.engine.support.hierarchical.NodeTestTask.lambda$executeRecursively$6(NodeTestTask.java:160) ~[junit-platform-engine-1.11.4.jar:1.11.4]
	at org.junit.platform.engine.support.hierarchical.ThrowableCollector.execute(ThrowableCollector.java:73) ~[junit-platform-engine-1.11.4.jar:1.11.4]
	at org.junit.platform.engine.support.hierarchical.NodeTestTask.lambda$executeRecursively$8(NodeTestTask.java:146) ~[junit-platform-engine-1.11.4.jar:1.11.4]
	at org.junit.platform.engine.support.hierarchical.Node.around(Node.java:137) ~[junit-platform-engine-1.11.4.jar:1.11.4]
	at org.junit.platform.engine.support.hierarchical.NodeTestTask.lambda$executeRecursively$9(NodeTestTask.java:144) ~[junit-platform-engine-1.11.4.jar:1.11.4]
	at org.junit.platform.engine.support.hierarchical.ThrowableCollector.execute(ThrowableCollector.java:73) ~[junit-platform-engine-1.11.4.jar:1.11.4]
	at org.junit.platform.engine.support.hierarchical.NodeTestTask.executeRecursively(NodeTestTask.java:143) ~[junit-platform-engine-1.11.4.jar:1.11.4]
	at org.junit.platform.engine.support.hierarchical.NodeTestTask.execute(NodeTestTask.java:100) ~[junit-platform-engine-1.11.4.jar:1.11.4]
	at org.junit.platform.engine.support.hierarchical.SameThreadHierarchicalTestExecutorService.submit(SameThreadHierarchicalTestExecutorService.java:35) ~[junit-platform-engine-1.11.4.jar:1.11.4]
	at org.junit.platform.engine.support.hierarchical.HierarchicalTestExecutor.execute(HierarchicalTestExecutor.java:57) ~[junit-platform-engine-1.11.4.jar:1.11.4]
	at org.junit.platform.engine.support.hierarchical.HierarchicalTestEngine.execute(HierarchicalTestEngine.java:54) ~[junit-platform-engine-1.11.4.jar:1.11.4]
	at org.junit.platform.launcher.core.EngineExecutionOrchestrator.execute(EngineExecutionOrchestrator.java:198) ~[junit-platform-launcher-1.11.4.jar:1.11.4]
	at org.junit.platform.launcher.core.EngineExecutionOrchestrator.execute(EngineExecutionOrchestrator.java:169) ~[junit-platform-launcher-1.11.4.jar:1.11.4]
	at org.junit.platform.launcher.core.EngineExecutionOrchestrator.execute(EngineExecutionOrchestrator.java:93) ~[junit-platform-launcher-1.11.4.jar:1.11.4]
	at org.junit.platform.launcher.core.EngineExecutionOrchestrator.lambda$execute$0(EngineExecutionOrchestrator.java:58) ~[junit-platform-launcher-1.11.4.jar:1.11.4]
	at org.junit.platform.launcher.core.EngineExecutionOrchestrator.withInterceptedStreams(EngineExecutionOrchestrator.java:141) ~[junit-platform-launcher-1.11.4.jar:1.11.4]
	at org.junit.platform.launcher.core.EngineExecutionOrchestrator.execute(EngineExecutionOrchestrator.java:57) ~[junit-platform-launcher-1.11.4.jar:1.11.4]
	at org.junit.platform.launcher.core.DefaultLauncher.execute(DefaultLauncher.java:103) ~[junit-platform-launcher-1.11.4.jar:1.11.4]
	at org.junit.platform.launcher.core.DefaultLauncher.execute(DefaultLauncher.java:85) ~[junit-platform-launcher-1.11.4.jar:1.11.4]
	at org.junit.platform.launcher.core.DelegatingLauncher.execute(DelegatingLauncher.java:47) ~[junit-platform-launcher-1.11.4.jar:1.11.4]
	at org.apache.maven.surefire.junitplatform.LazyLauncher.execute(LazyLauncher.java:56) ~[surefire-junit-platform-3.5.2.jar:3.5.2]
	at org.apache.maven.surefire.junitplatform.JUnitPlatformProvider.execute(JUnitPlatformProvider.java:184) ~[surefire-junit-platform-3.5.2.jar:3.5.2]
	at org.apache.maven.surefire.junitplatform.JUnitPlatformProvider.invokeAllTests(JUnitPlatformProvider.java:148) ~[surefire-junit-platform-3.5.2.jar:3.5.2]
	at org.apache.maven.surefire.junitplatform.JUnitPlatformProvider.invoke(JUnitPlatformProvider.java:122) ~[surefire-junit-platform-3.5.2.jar:3.5.2]
	at org.apache.maven.surefire.booter.ForkedBooter.runSuitesInProcess(ForkedBooter.java:385) ~[surefire-booter-3.5.2.jar:3.5.2]
	at org.apache.maven.surefire.booter.ForkedBooter.execute(ForkedBooter.java:162) ~[surefire-booter-3.5.2.jar:3.5.2]
	at org.apache.maven.surefire.booter.ForkedBooter.run(ForkedBooter.java:507) ~[surefire-booter-3.5.2.jar:3.5.2]
	at org.apache.maven.surefire.booter.ForkedBooter.main(ForkedBooter.java:495) ~[surefire-booter-3.5.2.jar:3.5.2]
Caused by: org.springframework.beans.factory.NoSuchBeanDefinitionException: No qualifying bean of type 'jha.spring.springquicklystart.dao.empMapper' available: expected at least 1 bean which qualifies as autowire candidate. Dependency annotations: {@org.springframework.beans.factory.annotation.Autowired(required=true)}
	at org.springframework.beans.factory.support.DefaultListableBeanFactory.raiseNoMatchingBeanFound(DefaultListableBeanFactory.java:2144) ~[spring-beans-6.2.1.jar:6.2.1]
	at org.springframework.beans.factory.support.DefaultListableBeanFactory.doResolveDependency(DefaultListableBeanFactory.java:1594) ~[spring-beans-6.2.1.jar:6.2.1]
	at org.springframework.beans.factory.support.DefaultListableBeanFactory.resolveDependency(DefaultListableBeanFactory.java:1519) ~[spring-beans-6.2.1.jar:6.2.1]
	at org.springframework.beans.factory.annotation.AutowiredAnnotationBeanPostProcessor$AutowiredFieldElement.resolveFieldValue(AutowiredAnnotationBeanPostProcessor.java:785) ~[spring-beans-6.2.1.jar:6.2.1]
	... 79 common frames omitted

]]></system-out>
  </testcase>
</testsuite>