<?xml version="1.0" encoding="UTF-8"?>
<testsuite xmlns:xsi="http://www.w3.org/2001/XMLSchema-instance" xsi:noNamespaceSchemaLocation="https://maven.apache.org/surefire/maven-surefire-plugin/xsd/surefire-test-report.xsd" version="3.0.2" name="jha.spring.springquicklystart.SpringQuicklyStartApplicationTests" time="4.391" tests="9" errors="0" skipped="0" failures="0">
  <properties>
    <property name="java.specification.version" value="17"/>
    <property name="sun.cpu.isalist" value="amd64"/>
    <property name="sun.jnu.encoding" value="GBK"/>
    <property name="java.class.path" value="D:\JAVA\JavaWeb\JavaBackground\SpringLearn\Spring-QuicklyStart\target\test-classes;D:\JAVA\JavaWeb\JavaBackground\SpringLearn\Spring-QuicklyStart\target\classes;D:\Maven\mvn-repo\org\springframework\boot\spring-boot-starter-web\3.4.1\spring-boot-starter-web-3.4.1.jar;D:\Maven\mvn-repo\org\springframework\boot\spring-boot-starter\3.4.1\spring-boot-starter-3.4.1.jar;D:\Maven\mvn-repo\org\springframework\boot\spring-boot\3.4.1\spring-boot-3.4.1.jar;D:\Maven\mvn-repo\org\springframework\boot\spring-boot-starter-logging\3.4.1\spring-boot-starter-logging-3.4.1.jar;D:\Maven\mvn-repo\ch\qos\logback\logback-classic\1.5.12\logback-classic-1.5.12.jar;D:\Maven\mvn-repo\ch\qos\logback\logback-core\1.5.12\logback-core-1.5.12.jar;D:\Maven\mvn-repo\org\apache\logging\log4j\log4j-to-slf4j\2.24.3\log4j-to-slf4j-2.24.3.jar;D:\Maven\mvn-repo\org\apache\logging\log4j\log4j-api\2.24.3\log4j-api-2.24.3.jar;D:\Maven\mvn-repo\org\slf4j\jul-to-slf4j\2.0.16\jul-to-slf4j-2.0.16.jar;D:\Maven\mvn-repo\jakarta\annotation\jakarta.annotation-api\2.1.1\jakarta.annotation-api-2.1.1.jar;D:\Maven\mvn-repo\org\yaml\snakeyaml\2.3\snakeyaml-2.3.jar;D:\Maven\mvn-repo\org\springframework\boot\spring-boot-starter-json\3.4.1\spring-boot-starter-json-3.4.1.jar;D:\Maven\mvn-repo\com\fasterxml\jackson\datatype\jackson-datatype-jdk8\2.18.2\jackson-datatype-jdk8-2.18.2.jar;D:\Maven\mvn-repo\com\fasterxml\jackson\datatype\jackson-datatype-jsr310\2.18.2\jackson-datatype-jsr310-2.18.2.jar;D:\Maven\mvn-repo\com\fasterxml\jackson\module\jackson-module-parameter-names\2.18.2\jackson-module-parameter-names-2.18.2.jar;D:\Maven\mvn-repo\org\springframework\boot\spring-boot-starter-tomcat\3.4.1\spring-boot-starter-tomcat-3.4.1.jar;D:\Maven\mvn-repo\org\apache\tomcat\embed\tomcat-embed-core\10.1.34\tomcat-embed-core-10.1.34.jar;D:\Maven\mvn-repo\org\apache\tomcat\embed\tomcat-embed-el\10.1.34\tomcat-embed-el-10.1.34.jar;D:\Maven\mvn-repo\org\apache\tomcat\embed\tomcat-embed-websocket\10.1.34\tomcat-embed-websocket-10.1.34.jar;D:\Maven\mvn-repo\org\springframework\spring-web\6.2.1\spring-web-6.2.1.jar;D:\Maven\mvn-repo\org\springframework\spring-beans\6.2.1\spring-beans-6.2.1.jar;D:\Maven\mvn-repo\io\micrometer\micrometer-observation\1.14.2\micrometer-observation-1.14.2.jar;D:\Maven\mvn-repo\io\micrometer\micrometer-commons\1.14.2\micrometer-commons-1.14.2.jar;D:\Maven\mvn-repo\org\springframework\spring-webmvc\6.2.1\spring-webmvc-6.2.1.jar;D:\Maven\mvn-repo\org\springframework\spring-context\6.2.1\spring-context-6.2.1.jar;D:\Maven\mvn-repo\org\springframework\spring-expression\6.2.1\spring-expression-6.2.1.jar;D:\Maven\mvn-repo\org\springframework\boot\spring-boot-starter-test\3.4.1\spring-boot-starter-test-3.4.1.jar;D:\Maven\mvn-repo\org\springframework\boot\spring-boot-test\3.4.1\spring-boot-test-3.4.1.jar;D:\Maven\mvn-repo\org\springframework\boot\spring-boot-test-autoconfigure\3.4.1\spring-boot-test-autoconfigure-3.4.1.jar;D:\Maven\mvn-repo\com\jayway\jsonpath\json-path\2.9.0\json-path-2.9.0.jar;D:\Maven\mvn-repo\jakarta\xml\bind\jakarta.xml.bind-api\4.0.2\jakarta.xml.bind-api-4.0.2.jar;D:\Maven\mvn-repo\jakarta\activation\jakarta.activation-api\2.1.3\jakarta.activation-api-2.1.3.jar;D:\Maven\mvn-repo\net\minidev\json-smart\2.5.1\json-smart-2.5.1.jar;D:\Maven\mvn-repo\net\minidev\accessors-smart\2.5.1\accessors-smart-2.5.1.jar;D:\Maven\mvn-repo\org\ow2\asm\asm\9.6\asm-9.6.jar;D:\Maven\mvn-repo\org\assertj\assertj-core\3.26.3\assertj-core-3.26.3.jar;D:\Maven\mvn-repo\net\bytebuddy\byte-buddy\1.15.11\byte-buddy-1.15.11.jar;D:\Maven\mvn-repo\org\awaitility\awaitility\4.2.2\awaitility-4.2.2.jar;D:\Maven\mvn-repo\org\hamcrest\hamcrest\2.2\hamcrest-2.2.jar;D:\Maven\mvn-repo\org\junit\jupiter\junit-jupiter\5.11.4\junit-jupiter-5.11.4.jar;D:\Maven\mvn-repo\org\junit\jupiter\junit-jupiter-api\5.11.4\junit-jupiter-api-5.11.4.jar;D:\Maven\mvn-repo\org\opentest4j\opentest4j\1.3.0\opentest4j-1.3.0.jar;D:\Maven\mvn-repo\org\junit\platform\junit-platform-commons\1.11.4\junit-platform-commons-1.11.4.jar;D:\Maven\mvn-repo\org\apiguardian\apiguardian-api\1.1.2\apiguardian-api-1.1.2.jar;D:\Maven\mvn-repo\org\junit\jupiter\junit-jupiter-params\5.11.4\junit-jupiter-params-5.11.4.jar;D:\Maven\mvn-repo\org\junit\jupiter\junit-jupiter-engine\5.11.4\junit-jupiter-engine-5.11.4.jar;D:\Maven\mvn-repo\org\junit\platform\junit-platform-engine\1.11.4\junit-platform-engine-1.11.4.jar;D:\Maven\mvn-repo\org\mockito\mockito-core\5.14.2\mockito-core-5.14.2.jar;D:\Maven\mvn-repo\net\bytebuddy\byte-buddy-agent\1.15.11\byte-buddy-agent-1.15.11.jar;D:\Maven\mvn-repo\org\objenesis\objenesis\3.3\objenesis-3.3.jar;D:\Maven\mvn-repo\org\mockito\mockito-junit-jupiter\5.14.2\mockito-junit-jupiter-5.14.2.jar;D:\Maven\mvn-repo\org\skyscreamer\jsonassert\1.5.3\jsonassert-1.5.3.jar;D:\Maven\mvn-repo\com\vaadin\external\google\android-json\0.0.20131108.vaadin1\android-json-0.0.20131108.vaadin1.jar;D:\Maven\mvn-repo\org\springframework\spring-core\6.2.1\spring-core-6.2.1.jar;D:\Maven\mvn-repo\org\springframework\spring-jcl\6.2.1\spring-jcl-6.2.1.jar;D:\Maven\mvn-repo\org\springframework\spring-test\6.2.1\spring-test-6.2.1.jar;D:\Maven\mvn-repo\org\xmlunit\xmlunit-core\2.10.0\xmlunit-core-2.10.0.jar;D:\Maven\mvn-repo\dom4j\dom4j\1.6.1\dom4j-1.6.1.jar;D:\Maven\mvn-repo\xml-apis\xml-apis\1.0.b2\xml-apis-1.0.b2.jar;D:\Maven\mvn-repo\org\mybatis\spring\boot\mybatis-spring-boot-starter\3.0.4\mybatis-spring-boot-starter-3.0.4.jar;D:\Maven\mvn-repo\org\springframework\boot\spring-boot-starter-jdbc\3.4.1\spring-boot-starter-jdbc-3.4.1.jar;D:\Maven\mvn-repo\com\zaxxer\HikariCP\5.1.0\HikariCP-5.1.0.jar;D:\Maven\mvn-repo\org\springframework\spring-jdbc\6.2.1\spring-jdbc-6.2.1.jar;D:\Maven\mvn-repo\org\mybatis\spring\boot\mybatis-spring-boot-autoconfigure\3.0.4\mybatis-spring-boot-autoconfigure-3.0.4.jar;D:\Maven\mvn-repo\org\mybatis\mybatis\3.5.17\mybatis-3.5.17.jar;D:\Maven\mvn-repo\org\mybatis\mybatis-spring\3.0.4\mybatis-spring-3.0.4.jar;D:\Maven\mvn-repo\com\oracle\database\jdbc\ojdbc11\23.5.0.24.07\ojdbc11-23.5.0.24.07.jar;D:\Maven\mvn-repo\org\mybatis\spring\boot\mybatis-spring-boot-starter-test\3.0.4\mybatis-spring-boot-starter-test-3.0.4.jar;D:\Maven\mvn-repo\org\mybatis\spring\boot\mybatis-spring-boot-test-autoconfigure\3.0.4\mybatis-spring-boot-test-autoconfigure-3.0.4.jar;D:\Maven\mvn-repo\org\springframework\spring-tx\6.2.1\spring-tx-6.2.1.jar;D:\Maven\mvn-repo\com\github\pagehelper\pagehelper-spring-boot-starter\1.4.6\pagehelper-spring-boot-starter-1.4.6.jar;D:\Maven\mvn-repo\com\github\pagehelper\pagehelper-spring-boot-autoconfigure\1.4.6\pagehelper-spring-boot-autoconfigure-1.4.6.jar;D:\Maven\mvn-repo\com\github\pagehelper\pagehelper\5.3.2\pagehelper-5.3.2.jar;D:\Maven\mvn-repo\com\github\jsqlparser\jsqlparser\4.5\jsqlparser-4.5.jar;D:\Maven\mvn-repo\io\minio\minio\8.4.3\minio-8.4.3.jar;D:\Maven\mvn-repo\com\carrotsearch\thirdparty\simple-xml-safe\2.7.1\simple-xml-safe-2.7.1.jar;D:\Maven\mvn-repo\com\google\guava\guava\33.3.1-jre\guava-33.3.1-jre.jar;D:\Maven\mvn-repo\com\google\guava\failureaccess\1.0.2\failureaccess-1.0.2.jar;D:\Maven\mvn-repo\com\google\guava\listenablefuture\9999.0-empty-to-avoid-conflict-with-guava\listenablefuture-9999.0-empty-to-avoid-conflict-with-guava.jar;D:\Maven\mvn-repo\com\google\code\findbugs\jsr305\3.0.2\jsr305-3.0.2.jar;D:\Maven\mvn-repo\org\checkerframework\checker-qual\3.43.0\checker-qual-3.43.0.jar;D:\Maven\mvn-repo\com\google\errorprone\error_prone_annotations\2.28.0\error_prone_annotations-2.28.0.jar;D:\Maven\mvn-repo\com\google\j2objc\j2objc-annotations\3.0.0\j2objc-annotations-3.0.0.jar;D:\Maven\mvn-repo\com\squareup\okhttp3\okhttp\4.8.1\okhttp-4.8.1.jar;D:\Maven\mvn-repo\com\squareup\okio\okio\2.7.0\okio-2.7.0.jar;D:\Maven\mvn-repo\org\jetbrains\kotlin\kotlin-stdlib-common\1.9.25\kotlin-stdlib-common-1.9.25.jar;D:\Maven\mvn-repo\org\jetbrains\kotlin\kotlin-stdlib\1.9.25\kotlin-stdlib-1.9.25.jar;D:\Maven\mvn-repo\org\jetbrains\annotations\13.0\annotations-13.0.jar;D:\Maven\mvn-repo\com\fasterxml\jackson\core\jackson-annotations\2.18.2\jackson-annotations-2.18.2.jar;D:\Maven\mvn-repo\com\fasterxml\jackson\core\jackson-core\2.18.2\jackson-core-2.18.2.jar;D:\Maven\mvn-repo\com\fasterxml\jackson\core\jackson-databind\2.18.2\jackson-databind-2.18.2.jar;D:\Maven\mvn-repo\org\bouncycastle\bcprov-jdk15on\1.69\bcprov-jdk15on-1.69.jar;D:\Maven\mvn-repo\org\apache\commons\commons-compress\1.21\commons-compress-1.21.jar;D:\Maven\mvn-repo\org\xerial\snappy\snappy-java\1.1.8.4\snappy-java-1.1.8.4.jar;D:\Maven\mvn-repo\com\alibaba\druid-spring-boot-starter\1.2.20\druid-spring-boot-starter-1.2.20.jar;D:\Maven\mvn-repo\com\alibaba\druid\1.2.20\druid-1.2.20.jar;D:\Maven\mvn-repo\org\slf4j\slf4j-api\2.0.16\slf4j-api-2.0.16.jar;D:\Maven\mvn-repo\org\springframework\boot\spring-boot-autoconfigure\3.4.1\spring-boot-autoconfigure-3.4.1.jar;D:\Maven\mvn-repo\org\glassfish\jaxb\jaxb-runtime\4.0.5\jaxb-runtime-4.0.5.jar;D:\Maven\mvn-repo\org\glassfish\jaxb\jaxb-core\4.0.5\jaxb-core-4.0.5.jar;D:\Maven\mvn-repo\org\eclipse\angus\angus-activation\2.0.2\angus-activation-2.0.2.jar;D:\Maven\mvn-repo\org\glassfish\jaxb\txw2\4.0.5\txw2-4.0.5.jar;D:\Maven\mvn-repo\com\sun\istack\istack-commons-runtime\4.1.2\istack-commons-runtime-4.1.2.jar;D:\Maven\mvn-repo\org\projectlombok\lombok\1.18.36\lombok-1.18.36.jar;D:\Maven\mvn-repo\com\auth0\java-jwt\4.4.0\java-jwt-4.4.0.jar;D:\Maven\mvn-repo\com\alibaba\fastjson2\fastjson2\2.0.53\fastjson2-2.0.53.jar;D:\Maven\mvn-repo\org\springframework\boot\spring-boot-starter-aop\3.4.1\spring-boot-starter-aop-3.4.1.jar;D:\Maven\mvn-repo\org\springframework\spring-aop\6.2.1\spring-aop-6.2.1.jar;D:\Maven\mvn-repo\org\aspectj\aspectjweaver\1.9.22.1\aspectjweaver-1.9.22.1.jar;"/>
    <property name="java.vm.vendor" value="Oracle Corporation"/>
    <property name="sun.arch.data.model" value="64"/>
    <property name="user.variant" value=""/>
    <property name="java.vendor.url" value="https://java.oracle.com/"/>
    <property name="user.timezone" value="Asia/Shanghai"/>
    <property name="os.name" value="Windows 10"/>
    <property name="java.vm.specification.version" value="17"/>
    <property name="sun.java.launcher" value="SUN_STANDARD"/>
    <property name="user.country" value="CN"/>
    <property name="sun.boot.library.path" value="D:\Tools\JDK (1)\bin"/>
    <property name="sun.java.command" value="C:\Users\Administrator\AppData\Local\Temp\surefire10752096193997043430\surefirebooter-20250318170904371_3.jar C:\Users\Administrator\AppData\Local\Temp\surefire10752096193997043430 2025-03-18T17-08-38_850-jvmRun1 surefire-20250318170904371_1tmp surefire_0-20250318170904371_2tmp"/>
    <property name="jdk.debug" value="release"/>
    <property name="surefire.test.class.path" value="D:\JAVA\JavaWeb\JavaBackground\SpringLearn\Spring-QuicklyStart\target\test-classes;D:\JAVA\JavaWeb\JavaBackground\SpringLearn\Spring-QuicklyStart\target\classes;D:\Maven\mvn-repo\org\springframework\boot\spring-boot-starter-web\3.4.1\spring-boot-starter-web-3.4.1.jar;D:\Maven\mvn-repo\org\springframework\boot\spring-boot-starter\3.4.1\spring-boot-starter-3.4.1.jar;D:\Maven\mvn-repo\org\springframework\boot\spring-boot\3.4.1\spring-boot-3.4.1.jar;D:\Maven\mvn-repo\org\springframework\boot\spring-boot-starter-logging\3.4.1\spring-boot-starter-logging-3.4.1.jar;D:\Maven\mvn-repo\ch\qos\logback\logback-classic\1.5.12\logback-classic-1.5.12.jar;D:\Maven\mvn-repo\ch\qos\logback\logback-core\1.5.12\logback-core-1.5.12.jar;D:\Maven\mvn-repo\org\apache\logging\log4j\log4j-to-slf4j\2.24.3\log4j-to-slf4j-2.24.3.jar;D:\Maven\mvn-repo\org\apache\logging\log4j\log4j-api\2.24.3\log4j-api-2.24.3.jar;D:\Maven\mvn-repo\org\slf4j\jul-to-slf4j\2.0.16\jul-to-slf4j-2.0.16.jar;D:\Maven\mvn-repo\jakarta\annotation\jakarta.annotation-api\2.1.1\jakarta.annotation-api-2.1.1.jar;D:\Maven\mvn-repo\org\yaml\snakeyaml\2.3\snakeyaml-2.3.jar;D:\Maven\mvn-repo\org\springframework\boot\spring-boot-starter-json\3.4.1\spring-boot-starter-json-3.4.1.jar;D:\Maven\mvn-repo\com\fasterxml\jackson\datatype\jackson-datatype-jdk8\2.18.2\jackson-datatype-jdk8-2.18.2.jar;D:\Maven\mvn-repo\com\fasterxml\jackson\datatype\jackson-datatype-jsr310\2.18.2\jackson-datatype-jsr310-2.18.2.jar;D:\Maven\mvn-repo\com\fasterxml\jackson\module\jackson-module-parameter-names\2.18.2\jackson-module-parameter-names-2.18.2.jar;D:\Maven\mvn-repo\org\springframework\boot\spring-boot-starter-tomcat\3.4.1\spring-boot-starter-tomcat-3.4.1.jar;D:\Maven\mvn-repo\org\apache\tomcat\embed\tomcat-embed-core\10.1.34\tomcat-embed-core-10.1.34.jar;D:\Maven\mvn-repo\org\apache\tomcat\embed\tomcat-embed-el\10.1.34\tomcat-embed-el-10.1.34.jar;D:\Maven\mvn-repo\org\apache\tomcat\embed\tomcat-embed-websocket\10.1.34\tomcat-embed-websocket-10.1.34.jar;D:\Maven\mvn-repo\org\springframework\spring-web\6.2.1\spring-web-6.2.1.jar;D:\Maven\mvn-repo\org\springframework\spring-beans\6.2.1\spring-beans-6.2.1.jar;D:\Maven\mvn-repo\io\micrometer\micrometer-observation\1.14.2\micrometer-observation-1.14.2.jar;D:\Maven\mvn-repo\io\micrometer\micrometer-commons\1.14.2\micrometer-commons-1.14.2.jar;D:\Maven\mvn-repo\org\springframework\spring-webmvc\6.2.1\spring-webmvc-6.2.1.jar;D:\Maven\mvn-repo\org\springframework\spring-context\6.2.1\spring-context-6.2.1.jar;D:\Maven\mvn-repo\org\springframework\spring-expression\6.2.1\spring-expression-6.2.1.jar;D:\Maven\mvn-repo\org\springframework\boot\spring-boot-starter-test\3.4.1\spring-boot-starter-test-3.4.1.jar;D:\Maven\mvn-repo\org\springframework\boot\spring-boot-test\3.4.1\spring-boot-test-3.4.1.jar;D:\Maven\mvn-repo\org\springframework\boot\spring-boot-test-autoconfigure\3.4.1\spring-boot-test-autoconfigure-3.4.1.jar;D:\Maven\mvn-repo\com\jayway\jsonpath\json-path\2.9.0\json-path-2.9.0.jar;D:\Maven\mvn-repo\jakarta\xml\bind\jakarta.xml.bind-api\4.0.2\jakarta.xml.bind-api-4.0.2.jar;D:\Maven\mvn-repo\jakarta\activation\jakarta.activation-api\2.1.3\jakarta.activation-api-2.1.3.jar;D:\Maven\mvn-repo\net\minidev\json-smart\2.5.1\json-smart-2.5.1.jar;D:\Maven\mvn-repo\net\minidev\accessors-smart\2.5.1\accessors-smart-2.5.1.jar;D:\Maven\mvn-repo\org\ow2\asm\asm\9.6\asm-9.6.jar;D:\Maven\mvn-repo\org\assertj\assertj-core\3.26.3\assertj-core-3.26.3.jar;D:\Maven\mvn-repo\net\bytebuddy\byte-buddy\1.15.11\byte-buddy-1.15.11.jar;D:\Maven\mvn-repo\org\awaitility\awaitility\4.2.2\awaitility-4.2.2.jar;D:\Maven\mvn-repo\org\hamcrest\hamcrest\2.2\hamcrest-2.2.jar;D:\Maven\mvn-repo\org\junit\jupiter\junit-jupiter\5.11.4\junit-jupiter-5.11.4.jar;D:\Maven\mvn-repo\org\junit\jupiter\junit-jupiter-api\5.11.4\junit-jupiter-api-5.11.4.jar;D:\Maven\mvn-repo\org\opentest4j\opentest4j\1.3.0\opentest4j-1.3.0.jar;D:\Maven\mvn-repo\org\junit\platform\junit-platform-commons\1.11.4\junit-platform-commons-1.11.4.jar;D:\Maven\mvn-repo\org\apiguardian\apiguardian-api\1.1.2\apiguardian-api-1.1.2.jar;D:\Maven\mvn-repo\org\junit\jupiter\junit-jupiter-params\5.11.4\junit-jupiter-params-5.11.4.jar;D:\Maven\mvn-repo\org\junit\jupiter\junit-jupiter-engine\5.11.4\junit-jupiter-engine-5.11.4.jar;D:\Maven\mvn-repo\org\junit\platform\junit-platform-engine\1.11.4\junit-platform-engine-1.11.4.jar;D:\Maven\mvn-repo\org\mockito\mockito-core\5.14.2\mockito-core-5.14.2.jar;D:\Maven\mvn-repo\net\bytebuddy\byte-buddy-agent\1.15.11\byte-buddy-agent-1.15.11.jar;D:\Maven\mvn-repo\org\objenesis\objenesis\3.3\objenesis-3.3.jar;D:\Maven\mvn-repo\org\mockito\mockito-junit-jupiter\5.14.2\mockito-junit-jupiter-5.14.2.jar;D:\Maven\mvn-repo\org\skyscreamer\jsonassert\1.5.3\jsonassert-1.5.3.jar;D:\Maven\mvn-repo\com\vaadin\external\google\android-json\0.0.20131108.vaadin1\android-json-0.0.20131108.vaadin1.jar;D:\Maven\mvn-repo\org\springframework\spring-core\6.2.1\spring-core-6.2.1.jar;D:\Maven\mvn-repo\org\springframework\spring-jcl\6.2.1\spring-jcl-6.2.1.jar;D:\Maven\mvn-repo\org\springframework\spring-test\6.2.1\spring-test-6.2.1.jar;D:\Maven\mvn-repo\org\xmlunit\xmlunit-core\2.10.0\xmlunit-core-2.10.0.jar;D:\Maven\mvn-repo\dom4j\dom4j\1.6.1\dom4j-1.6.1.jar;D:\Maven\mvn-repo\xml-apis\xml-apis\1.0.b2\xml-apis-1.0.b2.jar;D:\Maven\mvn-repo\org\mybatis\spring\boot\mybatis-spring-boot-starter\3.0.4\mybatis-spring-boot-starter-3.0.4.jar;D:\Maven\mvn-repo\org\springframework\boot\spring-boot-starter-jdbc\3.4.1\spring-boot-starter-jdbc-3.4.1.jar;D:\Maven\mvn-repo\com\zaxxer\HikariCP\5.1.0\HikariCP-5.1.0.jar;D:\Maven\mvn-repo\org\springframework\spring-jdbc\6.2.1\spring-jdbc-6.2.1.jar;D:\Maven\mvn-repo\org\mybatis\spring\boot\mybatis-spring-boot-autoconfigure\3.0.4\mybatis-spring-boot-autoconfigure-3.0.4.jar;D:\Maven\mvn-repo\org\mybatis\mybatis\3.5.17\mybatis-3.5.17.jar;D:\Maven\mvn-repo\org\mybatis\mybatis-spring\3.0.4\mybatis-spring-3.0.4.jar;D:\Maven\mvn-repo\com\oracle\database\jdbc\ojdbc11\23.5.0.24.07\ojdbc11-23.5.0.24.07.jar;D:\Maven\mvn-repo\org\mybatis\spring\boot\mybatis-spring-boot-starter-test\3.0.4\mybatis-spring-boot-starter-test-3.0.4.jar;D:\Maven\mvn-repo\org\mybatis\spring\boot\mybatis-spring-boot-test-autoconfigure\3.0.4\mybatis-spring-boot-test-autoconfigure-3.0.4.jar;D:\Maven\mvn-repo\org\springframework\spring-tx\6.2.1\spring-tx-6.2.1.jar;D:\Maven\mvn-repo\com\github\pagehelper\pagehelper-spring-boot-starter\1.4.6\pagehelper-spring-boot-starter-1.4.6.jar;D:\Maven\mvn-repo\com\github\pagehelper\pagehelper-spring-boot-autoconfigure\1.4.6\pagehelper-spring-boot-autoconfigure-1.4.6.jar;D:\Maven\mvn-repo\com\github\pagehelper\pagehelper\5.3.2\pagehelper-5.3.2.jar;D:\Maven\mvn-repo\com\github\jsqlparser\jsqlparser\4.5\jsqlparser-4.5.jar;D:\Maven\mvn-repo\io\minio\minio\8.4.3\minio-8.4.3.jar;D:\Maven\mvn-repo\com\carrotsearch\thirdparty\simple-xml-safe\2.7.1\simple-xml-safe-2.7.1.jar;D:\Maven\mvn-repo\com\google\guava\guava\33.3.1-jre\guava-33.3.1-jre.jar;D:\Maven\mvn-repo\com\google\guava\failureaccess\1.0.2\failureaccess-1.0.2.jar;D:\Maven\mvn-repo\com\google\guava\listenablefuture\9999.0-empty-to-avoid-conflict-with-guava\listenablefuture-9999.0-empty-to-avoid-conflict-with-guava.jar;D:\Maven\mvn-repo\com\google\code\findbugs\jsr305\3.0.2\jsr305-3.0.2.jar;D:\Maven\mvn-repo\org\checkerframework\checker-qual\3.43.0\checker-qual-3.43.0.jar;D:\Maven\mvn-repo\com\google\errorprone\error_prone_annotations\2.28.0\error_prone_annotations-2.28.0.jar;D:\Maven\mvn-repo\com\google\j2objc\j2objc-annotations\3.0.0\j2objc-annotations-3.0.0.jar;D:\Maven\mvn-repo\com\squareup\okhttp3\okhttp\4.8.1\okhttp-4.8.1.jar;D:\Maven\mvn-repo\com\squareup\okio\okio\2.7.0\okio-2.7.0.jar;D:\Maven\mvn-repo\org\jetbrains\kotlin\kotlin-stdlib-common\1.9.25\kotlin-stdlib-common-1.9.25.jar;D:\Maven\mvn-repo\org\jetbrains\kotlin\kotlin-stdlib\1.9.25\kotlin-stdlib-1.9.25.jar;D:\Maven\mvn-repo\org\jetbrains\annotations\13.0\annotations-13.0.jar;D:\Maven\mvn-repo\com\fasterxml\jackson\core\jackson-annotations\2.18.2\jackson-annotations-2.18.2.jar;D:\Maven\mvn-repo\com\fasterxml\jackson\core\jackson-core\2.18.2\jackson-core-2.18.2.jar;D:\Maven\mvn-repo\com\fasterxml\jackson\core\jackson-databind\2.18.2\jackson-databind-2.18.2.jar;D:\Maven\mvn-repo\org\bouncycastle\bcprov-jdk15on\1.69\bcprov-jdk15on-1.69.jar;D:\Maven\mvn-repo\org\apache\commons\commons-compress\1.21\commons-compress-1.21.jar;D:\Maven\mvn-repo\org\xerial\snappy\snappy-java\1.1.8.4\snappy-java-1.1.8.4.jar;D:\Maven\mvn-repo\com\alibaba\druid-spring-boot-starter\1.2.20\druid-spring-boot-starter-1.2.20.jar;D:\Maven\mvn-repo\com\alibaba\druid\1.2.20\druid-1.2.20.jar;D:\Maven\mvn-repo\org\slf4j\slf4j-api\2.0.16\slf4j-api-2.0.16.jar;D:\Maven\mvn-repo\org\springframework\boot\spring-boot-autoconfigure\3.4.1\spring-boot-autoconfigure-3.4.1.jar;D:\Maven\mvn-repo\org\glassfish\jaxb\jaxb-runtime\4.0.5\jaxb-runtime-4.0.5.jar;D:\Maven\mvn-repo\org\glassfish\jaxb\jaxb-core\4.0.5\jaxb-core-4.0.5.jar;D:\Maven\mvn-repo\org\eclipse\angus\angus-activation\2.0.2\angus-activation-2.0.2.jar;D:\Maven\mvn-repo\org\glassfish\jaxb\txw2\4.0.5\txw2-4.0.5.jar;D:\Maven\mvn-repo\com\sun\istack\istack-commons-runtime\4.1.2\istack-commons-runtime-4.1.2.jar;D:\Maven\mvn-repo\org\projectlombok\lombok\1.18.36\lombok-1.18.36.jar;D:\Maven\mvn-repo\com\auth0\java-jwt\4.4.0\java-jwt-4.4.0.jar;D:\Maven\mvn-repo\com\alibaba\fastjson2\fastjson2\2.0.53\fastjson2-2.0.53.jar;D:\Maven\mvn-repo\org\springframework\boot\spring-boot-starter-aop\3.4.1\spring-boot-starter-aop-3.4.1.jar;D:\Maven\mvn-repo\org\springframework\spring-aop\6.2.1\spring-aop-6.2.1.jar;D:\Maven\mvn-repo\org\aspectj\aspectjweaver\1.9.22.1\aspectjweaver-1.9.22.1.jar;"/>
    <property name="sun.cpu.endian" value="little"/>
    <property name="user.home" value="C:\Users\Administrator"/>
    <property name="user.language" value="zh"/>
    <property name="java.specification.vendor" value="Oracle Corporation"/>
    <property name="java.version.date" value="2024-01-16"/>
    <property name="java.home" value="D:\Tools\JDK (1)"/>
    <property name="file.separator" value="\"/>
    <property name="basedir" value="D:\JAVA\JavaWeb\JavaBackground\SpringLearn\Spring-QuicklyStart"/>
    <property name="java.vm.compressedOopsMode" value="Zero based"/>
    <property name="line.separator" value="&#10;"/>
    <property name="java.vm.specification.vendor" value="Oracle Corporation"/>
    <property name="java.specification.name" value="Java Platform API Specification"/>
    <property name="FILE_LOG_CHARSET" value="GBK"/>
    <property name="java.awt.headless" value="true"/>
    <property name="surefire.real.class.path" value="C:\Users\Administrator\AppData\Local\Temp\surefire10752096193997043430\surefirebooter-20250318170904371_3.jar"/>
    <property name="user.script" value=""/>
    <property name="sun.management.compiler" value="HotSpot 64-Bit Tiered Compilers"/>
    <property name="java.runtime.version" value="17.0.10+11-LTS-240"/>
    <property name="user.name" value="JHA"/>
    <property name="path.separator" value=";"/>
    <property name="os.version" value="10.0"/>
    <property name="java.runtime.name" value="Java(TM) SE Runtime Environment"/>
    <property name="file.encoding" value="GBK"/>
    <property name="java.vm.name" value="Java HotSpot(TM) 64-Bit Server VM"/>
    <property name="localRepository" value="D:\Maven\mvn-repo"/>
    <property name="java.vendor.url.bug" value="https://bugreport.java.com/bugreport/"/>
    <property name="java.io.tmpdir" value="C:\Users\Administrator\AppData\Local\Temp\"/>
    <property name="idea.version" value="2024.1.4"/>
    <property name="java.version" value="17.0.10"/>
    <property name="user.dir" value="D:\JAVA\JavaWeb\JavaBackground\SpringLearn\Spring-QuicklyStart"/>
    <property name="os.arch" value="amd64"/>
    <property name="java.vm.specification.name" value="Java Virtual Machine Specification"/>
    <property name="PID" value="17444"/>
    <property name="sun.os.patch.level" value=""/>
    <property name="CONSOLE_LOG_CHARSET" value="GBK"/>
    <property name="native.encoding" value="GBK"/>
    <property name="java.library.path" value="D:\Tools\JDK (1)\bin;C:\Windows\Sun\Java\bin;C:\Windows\system32;C:\Windows;C:\Program Files\Common Files\Oracle\Java\javapath;D:\Tools\VM\bin\;D:\app\JHA\product\19.3.0\dbhome_1\bin;C:\Windows\system32;C:\Windows;C:\Windows\System32\Wbem;C:\Windows\System32\WindowsPowerShell\v1.0\;C:\Windows\System32\OpenSSH\;C:\Program Files\Microsoft SQL Server\150\Tools\Binn\;C:\Program Files\Microsoft SQL Server\Client SDK\ODBC\170\Tools\Binn\;C:\Program Files\dotnet\;D:\Tools\Git\Git\cmd;D:\Tools\xftp\;D:\Tools\nvm\nvm;C:\Program Files\nodejs;D:\Maven\apache-maven-3.8.8\bin;D:\Windows Kits\10\Windows Performance Toolkit\;C:\Users\Administrator\AppData\Local\Microsoft\WindowsApps;C:\Users\Administrator\.dotnet\tools;D:\Tools\idea\IntelliJ IDEA 2024.1.4\bin;;D:\Tools\JDK (1)\bin;D:\Tools\JDK (1)\jre\bin;D:\Tools\vscode\Microsoft VS Code\bin;D:\Tools\nvm\nvm;C:\Program Files\nodejs;C:\Users\Administrator\.lmstudio\bin;."/>
    <property name="java.vm.info" value="mixed mode, sharing"/>
    <property name="java.vendor" value="Oracle Corporation"/>
    <property name="java.vm.version" value="17.0.10+11-LTS-240"/>
    <property name="sun.io.unicode.encoding" value="UnicodeLittle"/>
    <property name="maven.repo.local" value="D:\Maven\mvn-repo"/>
    <property name="java.class.version" value="61.0"/>
  </properties>
  <testcase name="JWTDecoderTest" classname="jha.spring.springquicklystart.SpringQuicklyStartApplicationTests" time="0.847">
    <system-out><![CDATA[17:09:04.875 [main] INFO org.springframework.test.context.support.AnnotationConfigContextLoaderUtils -- Could not detect default configuration classes for test class [jha.spring.springquicklystart.SpringQuicklyStartApplicationTests]: SpringQuicklyStartApplicationTests does not declare any static, non-private, non-final, nested classes annotated with @Configuration.
17:09:04.949 [main] INFO org.springframework.boot.test.context.SpringBootTestContextBootstrapper -- Found @SpringBootConfiguration jha.spring.springquicklystart.SpringQuicklyStartApplication for test class jha.spring.springquicklystart.SpringQuicklyStartApplicationTests

  .   ____          _            __ _ _
 /\\ / ___'_ __ _ _(_)_ __  __ _ \ \ \ \
( ( )\___ | '_ | '_| | '_ \/ _` | \ \ \ \
 \\/  ___)| |_)| | | | | || (_| |  ) ) ) )
  '  |____| .__|_| |_|_| |_\__, | / / / /
 =========|_|==============|___/=/_/_/_/

 :: Spring Boot ::                (v3.4.1)

2025-03-18T17:09:05.241+08:00  INFO 17444 --- [           main] j.s.s.SpringQuicklyStartApplicationTests : Starting SpringQuicklyStartApplicationTests using Java 17.0.10 with PID 17444 (started by JHA in D:\JAVA\JavaWeb\JavaBackground\SpringLearn\Spring-QuicklyStart)
2025-03-18T17:09:05.242+08:00  INFO 17444 --- [           main] j.s.s.SpringQuicklyStartApplicationTests : No active profile set, falling back to 1 default profile: "default"
Logging initialized using 'class org.apache.ibatis.logging.stdout.StdOutImpl' adapter.


,------.                           ,--.  ,--.         ,--.                         
|  .--. '  ,--,--.  ,---.   ,---.  |  '--'  |  ,---.  |  |  ,---.   ,---.  ,--.--. 
|  '--' | ' ,-.  | | .-. | | .-. : |  .--.  | | .-. : |  | | .-. | | .-. : |  .--' 
|  | --'  \ '-'  | ' '-' ' \   --. |  |  |  | \   --. |  | | '-' ' \   --. |  |    
`--'       `--`--' .`-  /   `----' `--'  `--'  `----' `--' |  |-'   `----' `--'    
                   `---'                                   `--'                        is intercepting.

2025-03-18T17:09:07.240+08:00  INFO 17444 --- [           main] j.s.s.SpringQuicklyStartApplicationTests : Started SpringQuicklyStartApplicationTests in 2.187 seconds (process running for 2.803)
解密失败：The Token has expired on 2025-02-24T09:14:34Z.
]]></system-out>
  </testcase>
  <testcase name="UUIDTest" classname="jha.spring.springquicklystart.SpringQuicklyStartApplicationTests" time="0.004">
    <system-out><![CDATA[15b19233-4b3b-4315-8aa8-e40b85e97bd0
生成的时间戳: 202503181709.008
]]></system-out>
  </testcase>
  <testcase name="JWTEncoderTest" classname="jha.spring.springquicklystart.SpringQuicklyStartApplicationTests" time="0.027">
    <system-out><![CDATA[eyJ0eXAiOiJKV1QiLCJhbGciOiJIUzI1NiJ9.eyJ1c2VyIjp7InB3ZCI6IjEyMzQ1IiwidXNlcm5hbWUiOiJqaGEifSwiZXhwIjoxNzQyMjkyNTQ4LCJpYXQiOjE3NDIyODg5NDh9.Mkn8klBY7kNdY5mLwhhHY_e0x4y_jVtcLhufSfMz8xM
]]></system-out>
  </testcase>
  <testcase name="uploadTest" classname="jha.spring.springquicklystart.SpringQuicklyStartApplicationTests" time="0.413">
    <system-out><![CDATA[文件上传成功！
]]></system-out>
  </testcase>
  <testcase name="test" classname="jha.spring.springquicklystart.SpringQuicklyStartApplicationTests" time="0.52">
    <system-out><![CDATA[Creating a new SqlSession
SqlSession [org.apache.ibatis.session.defaults.DefaultSqlSession@7a51dc38] was not registered for synchronization because synchronization is not active
2025-03-18T17:09:08.598+08:00  INFO 17444 --- [           main] com.zaxxer.hikari.HikariDataSource       : Spring-QuicklyStart - Starting...
2025-03-18T17:09:08.613+08:00  WARN 17444 --- [           main] c.zaxxer.hikari.util.DriverDataSource    : Registered driver with driverClassName=oracle.jdbc.driver.OracleDriver was not found, trying direct instantiation.
2025-03-18T17:09:08.892+08:00  INFO 17444 --- [           main] com.zaxxer.hikari.pool.HikariPool        : Spring-QuicklyStart - Added connection oracle.jdbc.driver.T4CConnection@767cc126
2025-03-18T17:09:08.894+08:00  INFO 17444 --- [           main] com.zaxxer.hikari.HikariDataSource       : Spring-QuicklyStart - Start completed.
JDBC Connection [HikariProxyConnection@1139305484 wrapping oracle.jdbc.driver.T4CConnection@767cc126] will not be managed by Spring
==>  Preparing: select * from emp
==> Parameters: 
<==    Columns: ID, USERNAME, PASSWORD, GENDER, IMAGE, JOB, ENTRYDATE, DEPT_ID, CREATE_TIME, UPDATE_TIME, IS_USING
<==        Row: 27, testsssser, testsspass, 1, image.jpg, 1, 2025-01-14 14:51:38, 1, 2025-01-14 14:51:38, 2025-01-14 14:51:38, 1
<==        Row: 28, testsssser, testsspass, 1, image.jpg, 1, 2025-01-14 14:51:38, 1, 2025-01-14 14:51:38, 2025-01-14 14:51:38, 1
<==        Row: 29, 阿德, 3, 1, image.jpg, 1, 2025-01-14 14:51:38, 1, 2025-01-14 14:51:38, 2025-01-14 14:51:38, 1
<==        Row: 30, 阿德, 3, 1, image.jpg, 1, 2025-01-14 14:51:38, 1, 2025-01-14 14:51:38, 2025-01-14 14:51:38, 1
<==        Row: 31, 阿德, 3, 1, image.jpg, 1, 2025-01-14 14:51:38, 1, 2025-01-14 14:51:38, 2025-01-14 14:51:38, 1
<==        Row: 32, 阿他德, 3, 1, image.jpg, 1, 2025-01-14 14:51:38, 1, 2025-01-14 14:51:38, 2025-01-14 14:51:38, 1
<==        Row: 1, Jha, 220717, 1, null, 1, 2025-01-14 14:50:24, 1, 2025-01-14 14:50:24, 2025-01-14 14:50:24, 1
<==        Row: 2, QYM, null, 2, null, 1, 2025-01-14 14:51:38, 1, 2025-01-14 14:51:38, 2025-01-14 14:51:38, 1
<==        Row: 3, testuser, testpass, 1, image.jpg, 1, 2025-01-14 08:00:00, 1, 2025-01-14 08:00:00, 2025-01-14 08:00:00, 1
<==        Row: 4, 测试, testpass, 2, image3.jpg, 12, 2025-01-14 14:51:38, 3, 2025-01-14 14:51:38, 2025-01-15 16:52:10, 0
<==        Row: 41, testsssser, testsspass, 1, image.jpg, 1, 2025-01-14 14:51:38, 1, 2025-01-14 14:51:38, 2025-01-14 14:51:38, 1
<==        Row: 42, testsssser, testsspass, 1, image.jpg, 1, 2025-01-14 14:51:38, 1, 2025-01-14 14:51:38, 2025-01-14 14:51:38, 1
<==      Total: 12
Closing non transactional SqlSession [org.apache.ibatis.session.defaults.DefaultSqlSession@7a51dc38]
Emps(id=27, username=testsssser, password=testsspass, gender=1, image=image.jpg, job=1, entrydate=2025-01-14T14:51:38, deptId=1, createTime=2025-01-14T14:51:38, updateTime=2025-01-14T14:51:38, isUsing=1)
Emps(id=28, username=testsssser, password=testsspass, gender=1, image=image.jpg, job=1, entrydate=2025-01-14T14:51:38, deptId=1, createTime=2025-01-14T14:51:38, updateTime=2025-01-14T14:51:38, isUsing=1)
Emps(id=29, username=阿德, password=3, gender=1, image=image.jpg, job=1, entrydate=2025-01-14T14:51:38, deptId=1, createTime=2025-01-14T14:51:38, updateTime=2025-01-14T14:51:38, isUsing=1)
Emps(id=30, username=阿德, password=3, gender=1, image=image.jpg, job=1, entrydate=2025-01-14T14:51:38, deptId=1, createTime=2025-01-14T14:51:38, updateTime=2025-01-14T14:51:38, isUsing=1)
Emps(id=31, username=阿德, password=3, gender=1, image=image.jpg, job=1, entrydate=2025-01-14T14:51:38, deptId=1, createTime=2025-01-14T14:51:38, updateTime=2025-01-14T14:51:38, isUsing=1)
Emps(id=32, username=阿他德, password=3, gender=1, image=image.jpg, job=1, entrydate=2025-01-14T14:51:38, deptId=1, createTime=2025-01-14T14:51:38, updateTime=2025-01-14T14:51:38, isUsing=1)
Emps(id=1, username=Jha, password=220717, gender=1, image=null, job=1, entrydate=2025-01-14T14:50:24, deptId=1, createTime=2025-01-14T14:50:24, updateTime=2025-01-14T14:50:24, isUsing=1)
Emps(id=2, username=QYM, password=null, gender=2, image=null, job=1, entrydate=2025-01-14T14:51:38, deptId=1, createTime=2025-01-14T14:51:38, updateTime=2025-01-14T14:51:38, isUsing=1)
Emps(id=3, username=testuser, password=testpass, gender=1, image=image.jpg, job=1, entrydate=2025-01-14T08:00, deptId=1, createTime=2025-01-14T08:00, updateTime=2025-01-14T08:00, isUsing=1)
Emps(id=4, username=测试, password=testpass, gender=2, image=image3.jpg, job=12, entrydate=2025-01-14T14:51:38, deptId=3, createTime=2025-01-14T14:51:38, updateTime=2025-01-15T16:52:10, isUsing=0)
Emps(id=41, username=testsssser, password=testsspass, gender=1, image=image.jpg, job=1, entrydate=2025-01-14T14:51:38, deptId=1, createTime=2025-01-14T14:51:38, updateTime=2025-01-14T14:51:38, isUsing=1)
Emps(id=42, username=testsssser, password=testsspass, gender=1, image=image.jpg, job=1, entrydate=2025-01-14T14:51:38, deptId=1, createTime=2025-01-14T14:51:38, updateTime=2025-01-14T14:51:38, isUsing=1)
]]></system-out>
  </testcase>
  <testcase name="previewUrlTest" classname="jha.spring.springquicklystart.SpringQuicklyStartApplicationTests" time="0.017">
    <system-out><![CDATA[http://169.254.64.130:9000/jha-test/19_%E5%85%AC%E5%91%8A_page-0001.jpg?X-Amz-Algorithm=AWS4-HMAC-SHA256&X-Amz-Credential=admin%2F20250318%2Fus-east-1%2Fs3%2Faws4_request&X-Amz-Date=20250318T090909Z&X-Amz-Expires=1200&X-Amz-SignedHeaders=host&X-Amz-Signature=6da54ac230323fa457dfee870403fe099b74f707984501daefb3d08a654bbf84
]]></system-out>
  </testcase>
  <testcase name="test2" classname="jha.spring.springquicklystart.SpringQuicklyStartApplicationTests" time="0.015">
    <system-out><![CDATA[解析后的时间：2025-01-17 15:02:21
]]></system-out>
  </testcase>
  <testcase name="uploadTest2" classname="jha.spring.springquicklystart.SpringQuicklyStartApplicationTests" time="0.002">
    <system-out><![CDATA[http://169.254.64.130:9000/
http://169.254.64.130:9000/
]]></system-out>
  </testcase>
  <testcase name="testDeleteEmpByIds" classname="jha.spring.springquicklystart.SpringQuicklyStartApplicationTests" time="0.029">
    <system-out><![CDATA[Creating a new SqlSession
SqlSession [org.apache.ibatis.session.defaults.DefaultSqlSession@3cf7433e] was not registered for synchronization because synchronization is not active
JDBC Connection [HikariProxyConnection@388551431 wrapping oracle.jdbc.driver.T4CConnection@767cc126] will not be managed by Spring
==>  Preparing: delete emp where id in ( ? , ? , ? )
==> Parameters: 21(Integer), 22(Integer), 23(Integer)
<==    Updates: 0
Closing non transactional SqlSession [org.apache.ibatis.session.defaults.DefaultSqlSession@3cf7433e]
0
]]></system-out>
  </testcase>
</testsuite>